Determining if the pthread_create exist failed with the following output:
Change Dir: /home/ubuntu/ros_catkin_test/build/CMakeFiles/CMakeTmp

Run Build Command:/usr/bin/make "cmTryCompileExec3437320915/fast"
/usr/bin/make -f CMakeFiles/cmTryCompileExec3437320915.dir/build.make CMakeFiles/cmTryCompileExec3437320915.dir/build
make[1]: Entering directory `/home/ubuntu/ros_catkin_test/build/CMakeFiles/CMakeTmp'
/usr/bin/cmake -E cmake_progress_report /home/ubuntu/ros_catkin_test/build/CMakeFiles/CMakeTmp/CMakeFiles 1
Building C object CMakeFiles/cmTryCompileExec3437320915.dir/CheckSymbolExists.c.o
/usr/bin/cc    -o CMakeFiles/cmTryCompileExec3437320915.dir/CheckSymbolExists.c.o   -c /home/ubuntu/ros_catkin_test/build/CMakeFiles/CMakeTmp/CheckSymbolExists.c
Linking C executable cmTryCompileExec3437320915
/usr/bin/cmake -E cmake_link_script CMakeFiles/cmTryCompileExec3437320915.dir/link.txt --verbose=1
/usr/bin/cc       CMakeFiles/cmTryCompileExec3437320915.dir/CheckSymbolExists.c.o  -o cmTryCompileExec3437320915 -rdynamic 
CMakeFiles/cmTryCompileExec3437320915.dir/CheckSymbolExists.c.o: In function `main':
CheckSymbolExists.c:(.text+0xe): undefined reference to `pthread_create'
CheckSymbolExists.c:(.text+0x12): undefined reference to `pthread_create'
collect2: error: ld returned 1 exit status
make[1]: Leaving directory `/home/ubuntu/ros_catkin_test/build/CMakeFiles/CMakeTmp'
make[1]: *** [cmTryCompileExec3437320915] Error 1
make: *** [cmTryCompileExec3437320915/fast] Error 2

File /home/ubuntu/ros_catkin_test/build/CMakeFiles/CMakeTmp/CheckSymbolExists.c:
/* */
#include <pthread.h>

int main(int argc, char** argv)
{
  (void)argv;
#ifndef pthread_create
  return ((int*)(&pthread_create))[argc];
#else
  (void)argc;
  return 0;
#endif
}

Determining if the function pthread_create exists in the pthreads failed with the following output:
Change Dir: /home/ubuntu/ros_catkin_test/build/CMakeFiles/CMakeTmp

Run Build Command:/usr/bin/make "cmTryCompileExec3928072433/fast"
/usr/bin/make -f CMakeFiles/cmTryCompileExec3928072433.dir/build.make CMakeFiles/cmTryCompileExec3928072433.dir/build
make[1]: Entering directory `/home/ubuntu/ros_catkin_test/build/CMakeFiles/CMakeTmp'
/usr/bin/cmake -E cmake_progress_report /home/ubuntu/ros_catkin_test/build/CMakeFiles/CMakeTmp/CMakeFiles 1
Building C object CMakeFiles/cmTryCompileExec3928072433.dir/CheckFunctionExists.c.o
/usr/bin/cc   -DCHECK_FUNCTION_EXISTS=pthread_create   -o CMakeFiles/cmTryCompileExec3928072433.dir/CheckFunctionExists.c.o   -c /usr/share/cmake-2.8/Modules/CheckFunctionExists.c
Linking C executable cmTryCompileExec3928072433
/usr/bin/cmake -E cmake_link_script CMakeFiles/cmTryCompileExec3928072433.dir/link.txt --verbose=1
/usr/bin/cc   -DCHECK_FUNCTION_EXISTS=pthread_create    CMakeFiles/cmTryCompileExec3928072433.dir/CheckFunctionExists.c.o  -o cmTryCompileExec3928072433 -rdynamic -lpthreads 
/usr/bin/ld: cannot find -lpthreads
make[1]: Leaving directory `/home/ubuntu/ros_catkin_test/build/CMakeFiles/CMakeTmp'
collect2: error: ld returned 1 exit status
make[1]: *** [cmTryCompileExec3928072433] Error 1
make: *** [cmTryCompileExec3928072433/fast] Error 2


